<?xml version="1.0" encoding="UTF-8"?>
<!-- Generated by org.testng.reporters.JUnitReportReporter -->
<testsuite hostname="DESKTOP-KFK85H4" failures="0" tests="1" name="test.RunTest" time="36.418" errors="0" timestamp="2023-01-16T00:13:33 IST" skipped="0">
  <testcase classname="test.RunTest" name="updatePhoneNumber" time="36.418"/>
  <system-out/>
</testsuite> <!-- test.RunTest -->
